
            message = 'Error:\nPS C:\\dev\\multi-chill-backend> & c:/dev/multi-chill-backend/.conda/python.exe c:/dev/multi-chill-backend/main.py\nTraceback (most recent call last):\n  File "C:\\dev\\multi-chill-backend\\.conda\\Lib\\site-packages\\sqlalchemy\\engine\\base.py", line 146, in __init__\n    self._dbapi_connection = engine.raw_connection()\n                             ^^^^^^^^^^^^^^^^^^^^^^^\n  File "C:\\dev\\multi-chill-backend\\.conda\\Lib\\site-packages\\sqlalchemy\\engine\\base.py", line 3304, in raw_connection\n    return self.pool.connect()\n           ^^^^^^^^^^^^^^^^^^^\n  File "C:\\dev\\multi-chill-backend\\.conda\\Lib\\site-packages\\sqlalchemy\\pool\\base.py", line 449, in connect\n    return _ConnectionFairy._checkout(self)\n           ^^^^^^^^^^^^^^^^^^^^^^^^^^^^^^^^\n  File "C:\\dev\\multi-chill-backend\\.conda\\Lib\\site-packages\\sqlalchemy\\pool\\base.py", line 1263, in _checkout\n    fairy = _ConnectionRecord.checkout(pool)\n            ^^^^^^^^^^^^^^^^^^^^^^^^^^^^^^^^\n  File "C:\\dev\\multi-chill-backend\\.conda\\Lib\\site-packages\\sqlalchemy\\pool\\base.py", line 712, in checkout\n    rec = pool._do_get()\n          ^^^^^^^^^^^^^^\n  File "C:\\dev\\multi-chill-backend\\.conda\\Lib\\site-packages\\sqlalchemy\\pool\\impl.py", line 179, in _do_get\n    with util.safe_reraise():\n  File "C:\\dev\\multi-chill-backend\\.conda\\Lib\\site-packages\\sqlalchemy\\util\\langhelpers.py", line 146, in __exit__\n    raise exc_value.with_traceback(exc_tb)\n  File "C:\\dev\\multi-chill-backend\\.conda\\Lib\\site-packages\\sqlalchemy\\pool\\impl.py", line 177, in _do_get\n    return self._create_connection()\n           ^^^^^^^^^^^^^^^^^^^^^^^^^\n  File "C:\\dev\\multi-chill-backend\\.conda\\Lib\\site-packages\\sqlalchemy\\pool\\base.py", line 390, in _create_connection\n    return _ConnectionRecord(self)\n           ^^^^^^^^^^^^^^^^^^^^^^^\n  File "C:\\dev\\multi-chill-backend\\.conda\\Lib\\site-packages\\sqlalchemy\\pool\\base.py", line 674, in __init__\n    self.__connect()\n  File "C:\\dev\\multi-chill-backend\\.conda\\Lib\\site-packages\\sqlalchemy\\pool\\base.py", line 900, in __connect\n    with util.safe_reraise():\n  File "C:\\dev\\multi-chill-backend\\.conda\\Lib\\site-packages\\sqlalchemy\\util\\langhelpers.py", line 146, in __exit__\n    raise exc_value.with_traceback(exc_tb)\n  File "C:\\dev\\multi-chill-backend\\.conda\\Lib\\site-packages\\sqlalchemy\\pool\\base.py", line 896, in __connect\n    self.dbapi_connection = connection = pool._invoke_creator(self)\n                                         ^^^^^^^^^^^^^^^^^^^^^^^^^^\n  File "C:\\dev\\multi-chill-backend\\.conda\\Lib\\site-packages\\sqlalchemy\\engine\\create.py", line 643, in connect\n    return dialect.connect(*cargs, **cparams)\n           ^^^^^^^^^^^^^^^^^^^^^^^^^^^^^^^^^^\n  File "C:\\dev\\multi-chill-backend\\.conda\\Lib\\site-packages\\sqlalchemy\\engine\\default.py", line 617, in connect\n    return self.loaded_dbapi.connect(*cargs, **cparams)\n           ^^^^^^^^^^^^^^^^^^^^^^^^^^^^^^^^^^^^^^^^^^^^\nsqlite3.OperationalError: unable to open database file\n\nThe above exception was the direct cause of the following exception:\n\nTraceback (most recent call last):\n  File "c:\\dev\\multi-chill-backend\\main.py", line 73, in <module>\n    db.create_all()  # Ensure all tables are created\n    ^^^^^^^^^^^^^^^\n  File "C:\\dev\\multi-chill-backend\\.conda\\Lib\\site-packages\\flask_sqlalchemy\\extension.py", line 900, in create_all\n    self._call_for_binds(bind_key, "create_all")\n  File "C:\\dev\\multi-chill-backend\\.conda\\Lib\\site-packages\\flask_sqlalchemy\\extension.py", line 881, in _call_for_binds\n    getattr(metadata, op_name)(bind=engine)\n  File "C:\\dev\\multi-chill-backend\\.conda\\Lib\\site-packages\\sqlalchemy\\sql\\schema.py", line 5825, in create_all\n    bind._run_ddl_visitor(\n  File "C:\\dev\\multi-chill-backend\\.conda\\Lib\\site-packages\\sqlalchemy\\engine\\base.py", line 3254, in _run_ddl_visitor\n    with self.begin() as conn:\n  File "C:\\dev\\multi-chill-backend\\.conda\\Lib\\contextlib.py", line 137, in __enter__\n    return next(self.gen)\n           ^^^^^^^^^^^^^^\n  File "C:\\dev\\multi-chill-backend\\.conda\\Lib\\site-packages\\sqlalchemy\\engine\\base.py", line 3244, in begin\n    with self.connect() as conn:\n         ^^^^^^^^^^^^^^\n  File "C:\\dev\\multi-chill-backend\\.conda\\Lib\\site-packages\\sqlalchemy\\engine\\base.py", line 3280, in connect\n    return self._connection_cls(self)\n           ^^^^^^^^^^^^^^^^^^^^^^^^^^\n  File "C:\\dev\\multi-chill-backend\\.conda\\Lib\\site-packages\\sqlalchemy\\engine\\base.py", line 148, in __init__\n    Connection._handle_dbapi_exception_noconnection(\n  File "C:\\dev\\multi-chill-backend\\.conda\\Lib\\site-packages\\sqlalchemy\\engine\\base.py", line 2444, in _handle_dbapi_exception_noconnection\n    raise sqlalchemy_exception.with_traceback(exc_info[2]) from e\n  File "C:\\dev\\multi-chill-backend\\.conda\\Lib\\site-packages\\sqlalchemy\\engine\\base.py", line 146, in __init__\n    self._dbapi_connection = engine.raw_connection()\n                             ^^^^^^^^^^^^^^^^^^^^^^^\n  File "C:\\dev\\multi-chill-backend\\.conda\\Lib\\site-packages\\sqlalchemy\\engine\\base.py", line 3304, in raw_connection\n    return self.pool.connect()\n           ^^^^^^^^^^^^^^^^^^^\n  File "C:\\dev\\multi-chill-backend\\.conda\\Lib\\site-packages\\sqlalchemy\\pool\\base.py", line 449, in connect\n    return _ConnectionFairy._checkout(self)\n           ^^^^^^^^^^^^^^^^^^^^^^^^^^^^^^^^\n  File "C:\\dev\\multi-chill-backend\\.conda\\Lib\\site-packages\\sqlalchemy\\pool\\base.py", line 1263, in _checkout\n    fairy = _ConnectionRecord.checkout(pool)\n            ^^^^^^^^^^^^^^^^^^^^^^^^^^^^^^^^\n  File "C:\\dev\\multi-chill-backend\\.conda\\Lib\\site-packages\\sqlalchemy\\pool\\base.py", line 712, in checkout\n    rec = pool._do_get()\n          ^^^^^^^^^^^^^^\n  File "C:\\dev\\multi-chill-backend\\.conda\\Lib\\site-packages\\sqlalchemy\\pool\\impl.py", line 179, in _do_get\n    with util.safe_reraise():\n  File "C:\\dev\\multi-chill-backend\\.conda\\Lib\\site-packages\\sqlalchemy\\util\\langhelpers.py", line 146, in __exit__\n    raise exc_value.with_traceback(exc_tb)\n  File "C:\\dev\\multi-chill-backend\\.conda\\Lib\\site-packages\\sqlalchemy\\pool\\impl.py", line 177, in _do_get\n    return self._create_connection()\n           ^^^^^^^^^^^^^^^^^^^^^^^^^\n  File "C:\\dev\\multi-chill-backend\\.conda\\Lib\\site-packages\\sqlalchemy\\pool\\base.py", line 390, in _create_connection\n    return _ConnectionRecord(self)\n           ^^^^^^^^^^^^^^^^^^^^^^^\n  File "C:\\dev\\multi-chill-backend\\.conda\\Lib\\site-packages\\sqlalchemy\\pool\\base.py", line 674, in __init__\n    self.__connect()\n  File "C:\\dev\\multi-chill-backend\\.conda\\Lib\\site-packages\\sqlalchemy\\pool\\base.py", line 900, in __connect\n    with util.safe_reraise():\n  File "C:\\dev\\multi-chill-backend\\.conda\\Lib\\site-packages\\sqlalchemy\\util\\langhelpers.py", line 146, in __exit__\n    raise exc_value.with_traceback(exc_tb)\n  File "C:\\dev\\multi-chill-backend\\.conda\\Lib\\site-packages\\sqlalchemy\\pool\\base.py", line 896, in __connect\n    self.dbapi_connection = connection = pool._invoke_creator(self)\n                                         ^^^^^^^^^^^^^^^^^^^^^^^^^^\n  File "C:\\dev\\multi-chill-backend\\.conda\\Lib\\site-packages\\sqlalchemy\\engine\\create.py", line 643, in connect\n    return dialect.connect(*cargs, **cparams)\n           ^^^^^^^^^^^^^^^^^^^^^^^^^^^^^^^^^^\n  File "C:\\dev\\multi-chill-backend\\.conda\\Lib\\site-packages\\sqlalchemy\\engine\\default.py", line 617, in connect\n    return self.loaded_dbapi.connect(*cargs, **cparams)\n           ^^^^^^^^^^^^^^^^^^^^^^^^^^^^^^^^^^^^^^^^^^^^\nsqlalchemy.exc.OperationalError: (sqlite3.OperationalError) unable to open database file\n(Background on this error at: https://sqlalche.me/e/20/e3q8)\n\nCode:\nfrom flask import Flask, request, jsonify\nfrom flask_sqlalchemy import SQLAlchemy\nfrom flask_marshmallow import Marshmallow\nimport os\nimport random\n\napp = Flask(__name__)\n\n# Ensure the directory for the SQLite database exists\nDATABASE_DIR = "./data"\nif not os.path.exists(DATABASE_DIR):\n    os.makedirs(DATABASE_DIR)\n\n# Database configuration\napp.config["SQLALCHEMY_DATABASE_URI"] = "sqlite:///" + os.path.join(\n    DATABASE_DIR, "testdatabase.db"\n)\napp.config["SQLALCHEMY_TRACK_MODIFICATIONS"] = False\n\n# Initialize database\ndb = SQLAlchemy(app)\nma = Marshmallow(app)\n\n\n# SQLAlchemy Model\nclass User(db.Model):\n    __tablename__ = "users"\n    email = db.Column(db.String, primary_key=True)\n    otp = db.Column(db.Integer)\n\n    def __init__(self, email, otp):\n        self.email = email\n        self.otp = otp\n\n\n# Schema for User input\nclass UserSchema(ma.Schema):\n    class Meta:\n        fields = ("email",)\n\n\nuser_schema = UserSchema()\n\n\n@app.route("/login", methods=["POST"])\ndef login():\n    try:\n        data = user_schema.load(request.json)\n        email = data["email"]\n        otp = random.randint(1000, 9999)\n        user = User.query.filter_by(email=email).first()\n\n        if user:\n            user.otp = otp\n        else:\n            user = User(email=email, otp=otp)\n            db.session.add(user)\n\n        db.session.commit()\n        return jsonify({"message": "OTP updated/generated successfully"}), 200\n    except Exception as e:\n        db.session.rollback()\n        return jsonify({"error": str(e)}), 500\n\n\n@app.route("/health", methods=["GET"])\ndef health():\n    return jsonify({"health": True})\n\n\nif __name__ == "__main__":\n    with app.app_context():\n        db.create_all()  # Ensure all tables are created\n    app.run(debug=True, host="0.0.0.0", port=5000)\n\nPlease fix and output the entire code again'

            response = 'It appears that your script encounters an `OperationalError` because it\'s unable to open the database file. This generally happens if the path to the SQLite database is incorrect or if the file or directory doesn\'t have the proper permissions.\n\nFrom your script setup, it seems you\'re ensuring that the database directory exists before setting up your Flask app\'s SQLAlchemy configuration. However, error could be related to improper handling of the file path or various other environment issues.\n\nHere’s your entire script with a minor adjustment in the database initialization (although your original setting should generally work given the directory exists):\n\n```python\nfrom flask import Flask, request, jsonify\nfrom flask_sqlalchemy import SQLAlchemy\nfrom flask_marshmallow import Marshmallow\nimport os\nimport random\n\napp = Flask(__name__)\n\n# Ensure the directory for the SQLite database exists\nDATABASE_DIR = os.path.join(os.getcwd(), "data")\nif not os.path.exists(DATABASE_DIR):\n    os.makedirs(DATABASE_DIR)\n\n# Database configuration\ndatabase_file = os.path.join(DATABASE_DIR, "testdatabase.db")\ndb_uri = f"sqlite:///{database_file}"\napp.config["SQLALCHEMY_DATABASE_URI"] = db_uri\napp.config["SQLALCHEMY_TRACK_MODIFICATIONS"] = False\n\n# Initialize database\ndb = SQLAlchemy(app)\nma = Marshmallow(app)\n\n# SQLAlchemy Model\nclass User(db.Model):\n    __tablename__ = "users"\n    email = db.Column(db.String, primary_key=True)\n    otp = db.Column(db.Integer)\n\n    def __init__(self, email, otp):\n        self.email = email\n        self.otp = otp\n\n\n# Schema for User input\nclass UserSchema(ma.Schema):\n    class Meta:\n        fields = ("email",)\n\nuser_schema = UserSchema()\n\n\n@app.route("/login", methods=["POST"])\ndef login():\n    try:\n        data = user_schema.load(request.json)\n        email = data["email"]\n        otp = random.randint(1000, 9999)\n        user = User.query.filter_by(email=email).first()\n\n        if user:\n            user.otp = otp\n        else:\n            user = User(email=email, otp=otp)\n            db.session.add(user)\n\n        db.session.commit()\n        return jsonify({"message": "OTP updated/generated successfully"}), 200\n    except Exception as e:\n        db.session.rollback()\n        return jsonify({"error": str(e)}), 500\n\n\n@app.route("/health", methods=["GET"])\ndef health():\n    return jsonify({"health": True})\n\n\nif __name__ == "__main__":\n    with app.app_context():\n        db.create_all()  # Ensure all tables are created\n    app.run(debug=True, host="0.0.0.0", port=5000)\n```\n\nThe provided changes include more robust path handling using `os.path.join` and `os.getcwd()` to ensure absolute paths are used for your SQLite database, minimizing the potential for incorrect paths.\n\nIf the error persists after this adjustment, please make sure the permissions of the directory and its files are correctly set to allow the SQLite database file to be accessed and modified by your script.'
            