
            message = 'Error:\nPS C:\\dev\\multi-chill-backend> & c:/dev/multi-chill-backend/.conda/python.exe c:/dev/multi-chill-backend/main.py\nTraceback (most recent call last):\n  File "C:\\dev\\multi-chill-backend\\.conda\\Lib\\site-packages\\sqlalchemy\\engine\\base.py", line 146, in __init__\n    self._dbapi_connection = engine.raw_connection()\n                             ^^^^^^^^^^^^^^^^^^^^^^^\n  File "C:\\dev\\multi-chill-backend\\.conda\\Lib\\site-packages\\sqlalchemy\\engine\\base.py", line 3304, in raw_connection\n    return self.pool.connect()\n           ^^^^^^^^^^^^^^^^^^^\n  File "C:\\dev\\multi-chill-backend\\.conda\\Lib\\site-packages\\sqlalchemy\\pool\\base.py", line 449, in connect\n    return _ConnectionFairy._checkout(self)\n           ^^^^^^^^^^^^^^^^^^^^^^^^^^^^^^^^\n  File "C:\\dev\\multi-chill-backend\\.conda\\Lib\\site-packages\\sqlalchemy\\pool\\base.py", line 1263, in _checkout\n    fairy = _ConnectionRecord.checkout(pool)\n            ^^^^^^^^^^^^^^^^^^^^^^^^^^^^^^^^\n  File "C:\\dev\\multi-chill-backend\\.conda\\Lib\\site-packages\\sqlalchemy\\pool\\base.py", line 712, in checkout\n    rec = pool._do_get()\n          ^^^^^^^^^^^^^^\n  File "C:\\dev\\multi-chill-backend\\.conda\\Lib\\site-packages\\sqlalchemy\\pool\\impl.py", line 179, in _do_get\n    with util.safe_reraise():\n  File "C:\\dev\\multi-chill-backend\\.conda\\Lib\\site-packages\\sqlalchemy\\util\\langhelpers.py", line 146, in __exit__\n    raise exc_value.with_traceback(exc_tb)\n  File "C:\\dev\\multi-chill-backend\\.conda\\Lib\\site-packages\\sqlalchemy\\pool\\impl.py", line 177, in _do_get\n    return self._create_connection()\n           ^^^^^^^^^^^^^^^^^^^^^^^^^\n  File "C:\\dev\\multi-chill-backend\\.conda\\Lib\\site-packages\\sqlalchemy\\pool\\base.py", line 390, in _create_connection\n    return _ConnectionRecord(self)\n           ^^^^^^^^^^^^^^^^^^^^^^^\n  File "C:\\dev\\multi-chill-backend\\.conda\\Lib\\site-packages\\sqlalchemy\\pool\\base.py", line 674, in __init__\n    self.__connect()\n  File "C:\\dev\\multi-chill-backend\\.conda\\Lib\\site-packages\\sqlalchemy\\pool\\base.py", line 900, in __connect\n    with util.safe_reraise():\n  File "C:\\dev\\multi-chill-backend\\.conda\\Lib\\site-packages\\sqlalchemy\\util\\langhelpers.py", line 146, in __exit__\n    raise exc_value.with_traceback(exc_tb)\n  File "C:\\dev\\multi-chill-backend\\.conda\\Lib\\site-packages\\sqlalchemy\\pool\\base.py", line 896, in __connect\n    self.dbapi_connection = connection = pool._invoke_creator(self)\n                                         ^^^^^^^^^^^^^^^^^^^^^^^^^^\n  File "C:\\dev\\multi-chill-backend\\.conda\\Lib\\site-packages\\sqlalchemy\\engine\\create.py", line 643, in connect\n    return dialect.connect(*cargs, **cparams)\n           ^^^^^^^^^^^^^^^^^^^^^^^^^^^^^^^^^^\n  File "C:\\dev\\multi-chill-backend\\.conda\\Lib\\site-packages\\sqlalchemy\\engine\\default.py", line 617, in connect\n    return self.loaded_dbapi.connect(*cargs, **cparams)\n           ^^^^^^^^^^^^^^^^^^^^^^^^^^^^^^^^^^^^^^^^^^^^\nsqlite3.OperationalError: unable to open database file\n\nThe above exception was the direct cause of the following exception:\n\nTraceback (most recent call last):\n  File "c:\\dev\\multi-chill-backend\\main.py", line 73, in <module>\n    db.create_all()  # Ensure all tables are created\n    ^^^^^^^^^^^^^^^\n  File "C:\\dev\\multi-chill-backend\\.conda\\Lib\\site-packages\\flask_sqlalchemy\\extension.py", line 900, in create_all\n    self._call_for_binds(bind_key, "create_all")\n  File "C:\\dev\\multi-chill-backend\\.conda\\Lib\\site-packages\\flask_sqlalchemy\\extension.py", line 881, in _call_for_binds\n    getattr(metadata, op_name)(bind=engine)\n  File "C:\\dev\\multi-chill-backend\\.conda\\Lib\\site-packages\\sqlalchemy\\sql\\schema.py", line 5825, in create_all\n    bind._run_ddl_visitor(\n  File "C:\\dev\\multi-chill-backend\\.conda\\Lib\\site-packages\\sqlalchemy\\engine\\base.py", line 3254, in _run_ddl_visitor\n    with self.begin() as conn:\n  File "C:\\dev\\multi-chill-backend\\.conda\\Lib\\contextlib.py", line 137, in __enter__\n    return next(self.gen)\n           ^^^^^^^^^^^^^^\n  File "C:\\dev\\multi-chill-backend\\.conda\\Lib\\site-packages\\sqlalchemy\\engine\\base.py", line 3244, in begin\n    with self.connect() as conn:\n         ^^^^^^^^^^^^^^\n  File "C:\\dev\\multi-chill-backend\\.conda\\Lib\\site-packages\\sqlalchemy\\engine\\base.py", line 3280, in connect\n    return self._connection_cls(self)\n           ^^^^^^^^^^^^^^^^^^^^^^^^^^\n  File "C:\\dev\\multi-chill-backend\\.conda\\Lib\\site-packages\\sqlalchemy\\engine\\base.py", line 148, in __init__\n    Connection._handle_dbapi_exception_noconnection(\n  File "C:\\dev\\multi-chill-backend\\.conda\\Lib\\site-packages\\sqlalchemy\\engine\\base.py", line 2444, in _handle_dbapi_exception_noconnection\n    raise sqlalchemy_exception.with_traceback(exc_info[2]) from e\n  File "C:\\dev\\multi-chill-backend\\.conda\\Lib\\site-packages\\sqlalchemy\\engine\\base.py", line 146, in __init__\n    self._dbapi_connection = engine.raw_connection()\n                             ^^^^^^^^^^^^^^^^^^^^^^^\n  File "C:\\dev\\multi-chill-backend\\.conda\\Lib\\site-packages\\sqlalchemy\\engine\\base.py", line 3304, in raw_connection\n    return self.pool.connect()\n           ^^^^^^^^^^^^^^^^^^^\n  File "C:\\dev\\multi-chill-backend\\.conda\\Lib\\site-packages\\sqlalchemy\\pool\\base.py", line 449, in connect\n    return _ConnectionFairy._checkout(self)\n           ^^^^^^^^^^^^^^^^^^^^^^^^^^^^^^^^\n  File "C:\\dev\\multi-chill-backend\\.conda\\Lib\\site-packages\\sqlalchemy\\pool\\base.py", line 1263, in _checkout\n    fairy = _ConnectionRecord.checkout(pool)\n            ^^^^^^^^^^^^^^^^^^^^^^^^^^^^^^^^\n  File "C:\\dev\\multi-chill-backend\\.conda\\Lib\\site-packages\\sqlalchemy\\pool\\base.py", line 712, in checkout\n    rec = pool._do_get()\n          ^^^^^^^^^^^^^^\n  File "C:\\dev\\multi-chill-backend\\.conda\\Lib\\site-packages\\sqlalchemy\\pool\\impl.py", line 179, in _do_get\n    with util.safe_reraise():\n  File "C:\\dev\\multi-chill-backend\\.conda\\Lib\\site-packages\\sqlalchemy\\util\\langhelpers.py", line 146, in __exit__\n    raise exc_value.with_traceback(exc_tb)\n  File "C:\\dev\\multi-chill-backend\\.conda\\Lib\\site-packages\\sqlalchemy\\pool\\impl.py", line 177, in _do_get\n    return self._create_connection()\n           ^^^^^^^^^^^^^^^^^^^^^^^^^\n  File "C:\\dev\\multi-chill-backend\\.conda\\Lib\\site-packages\\sqlalchemy\\pool\\base.py", line 390, in _create_connection\n    return _ConnectionRecord(self)\n           ^^^^^^^^^^^^^^^^^^^^^^^\n  File "C:\\dev\\multi-chill-backend\\.conda\\Lib\\site-packages\\sqlalchemy\\pool\\base.py", line 674, in __init__\n    self.__connect()\n  File "C:\\dev\\multi-chill-backend\\.conda\\Lib\\site-packages\\sqlalchemy\\pool\\base.py", line 900, in __connect\n    with util.safe_reraise():\n  File "C:\\dev\\multi-chill-backend\\.conda\\Lib\\site-packages\\sqlalchemy\\util\\langhelpers.py", line 146, in __exit__\n    raise exc_value.with_traceback(exc_tb)\n  File "C:\\dev\\multi-chill-backend\\.conda\\Lib\\site-packages\\sqlalchemy\\pool\\base.py", line 896, in __connect\n    self.dbapi_connection = connection = pool._invoke_creator(self)\n                                         ^^^^^^^^^^^^^^^^^^^^^^^^^^\n  File "C:\\dev\\multi-chill-backend\\.conda\\Lib\\site-packages\\sqlalchemy\\engine\\create.py", line 643, in connect\n    return dialect.connect(*cargs, **cparams)\n           ^^^^^^^^^^^^^^^^^^^^^^^^^^^^^^^^^^\n  File "C:\\dev\\multi-chill-backend\\.conda\\Lib\\site-packages\\sqlalchemy\\engine\\default.py", line 617, in connect\n    return self.loaded_dbapi.connect(*cargs, **cparams)\n           ^^^^^^^^^^^^^^^^^^^^^^^^^^^^^^^^^^^^^^^^^^^^\nsqlalchemy.exc.OperationalError: (sqlite3.OperationalError) unable to open database file\n(Background on this error at: https://sqlalche.me/e/20/e3q8)\n\nCode:\nfrom flask import Flask, request, jsonify\nfrom flask_sqlalchemy import SQLAlchemy\nfrom flask_marshmallow import Marshmallow\nimport os\nimport random\n\napp = Flask(__name__)\n\n# Ensure the directory for the SQLite database exists\nDATABASE_DIR = "./data"\nif not os.path.exists(DATABASE_DIR):\n    os.makedirs(DATABASE_DIR)\n\n# Database configuration\napp.config["SQLALCHEMY_DATABASE_URI"] = "sqlite:///" + os.path.join(\n    DATABASE_DIR, "testdatabase.db"\n)\napp.config["SQLALCHEMY_TRACK_MODIFICATIONS"] = False\n\n# Initialize database\ndb = SQLAlchemy(app)\nma = Marshmallow(app)\n\n\n# SQLAlchemy Model\nclass User(db.Model):\n    __tablename__ = "users"\n    email = db.Column(db.String, primary_key=True)\n    otp = db.Column(db.Integer)\n\n    def __init__(self, email, otp):\n        self.email = email\n        self.otp = otp\n\n\n# Schema for User input\nclass UserSchema(ma.Schema):\n    class Meta:\n        fields = ("email",)\n\n\nuser_schema = UserSchema()\n\n\n@app.route("/login", methods=["POST"])\ndef login():\n    try:\n        data = user_schema.load(request.json)\n        email = data["email"]\n        otp = random.randint(1000, 9999)\n        user = User.query.filter_by(email=email).first()\n\n        if user:\n            user.otp = otp\n        else:\n            user = User(email=email, otp=otp)\n            db.session.add(user)\n\n        db.session.commit()\n        return jsonify({"message": "OTP updated/generated successfully"}), 200\n    except Exception as e:\n        db.session.rollback()\n        return jsonify({"error": str(e)}), 500\n\n\n@app.route("/health", methods=["GET"])\ndef health():\n    return jsonify({"health": True})\n\n\nif __name__ == "__main__":\n    with app.app_context():\n        db.create_all()  # Ensure all tables are created\n    app.run(debug=True, host="0.0.0.0", port=5000)\n\nPlease fix'

            response = 'The primary issue indicated by the error messages is that the SQLite database file could not be opened. This often arises from issues with the path configuration where SQLAlchemy cannot find or create the database file at the specified location.\n\nHere are several steps and modifications to address the issue:\n\n1. **Correct Database Path Specification:** Ensure that the **DATABASE_DIR** path is absolute and correctly formatted for use with SQLAlchemy.\n\n2. **Existence Check and Creation of Directory:** The `os.makedirs` call should ensure the directory where the database file will live is present, but it’s good to double-check this logic.\n\n3. **File Permissions:** Ensure the web server has the correct permissions to write to the directory where the database file is located.\n\n4. **SQLite URL Format:** The SQLAlchemy database URI for SQLite might need adjustments to correctly point to the file system\'s path.\n\nHere are the updated sections of your script with comments on changes:\n\n```python\nimport os\nfrom flask import Flask, request, jsonify\nfrom flask_sqlalchemy import SQLAlchemy\nfrom flask_marshmallow import Marshmallow\nimport random\n\napp = Flask(__name__)\n\n# Provide an absolute path to the directory where SQLite database will be stored\nPROJECT_ROOT = os.path.dirname(os.path.abspath(__file__))\nDATABASE_DIR = os.path.join(PROJECT_ROOT, "data")\n\nif not os.path.exists(DATABASE_DIR):\n    os.makedirs(DATABASE_DIR)  # Ensuring the directory exists\n\n# Configure the SQLITE database URI\ndatabase_file = os.path.join(DATABASE_DIR, "testdatabase.db")\napp.config["SQLALCHEMY_DATABASE_URI"] = "sqlite:///" + database_file\napp.config["SQLALCHEMY_TRACK_MODIFICATIONS"] = False\n\n# Initialize database\ndb = SQLAlchemy(app)\nma = Marshmallow(app)\n\n# Define your models, views, and routes here as before\n\nif __name__ == "__main__":\n    # Ensure all tables are created and the app context is correctly managed\n    with app.app_context():\n        db.create_all()\n    app.run(debug=True, host="0.0.0.0", port=5000)\n```\n\n### Additional Details:\n- **PROJECT_ROOT**: Resolving to the absolute path where your Python script exists helps manage file paths more predictably.\n- **DATABASE_DIR and database_file**: Using `os.path.join` ensures that path concatenations are handled properly across different operating systems.\n\nWith these adjustments, the configuration and script should handle the database connection and creation correctly, assuming no other environmental or permission issues. If the "unable to open database file" persists, double-check the paths and permissions again. Also, ensure that the SQLite file is not being accessed or locked by another process.'
            